
/home/runner/work/exp-lift-drag-iitb/exp-lift-drag-iitb/experiment/simulation/common_libraries/js/ts_components/collapse_step.js
   1:10  warning  'show_step' is defined but never used                 no-unused-vars
   2:5   warning  '$' is not defined                                    no-undef
   3:9   warning  '$' is not defined                                    no-undef
   6:10  warning  'hide_step' is defined but never used                 no-unused-vars
   7:5   warning  '$' is not defined                                    no-undef
   8:9   warning  '$' is not defined                                    no-undef
  11:10  warning  'get_collapse_btn_text' is defined but never used     no-unused-vars
  20:10  warning  'get_collapse_btn_element' is defined but never used  no-unused-vars
  29:10  warning  'hide_all_steps' is defined but never used            no-unused-vars
  31:9   warning  '$' is not defined                                    no-undef

/home/runner/work/exp-lift-drag-iitb/exp-lift-drag-iitb/experiment/simulation/common_libraries/js/ts_components/matrix.js
   27:26  warning  'MathJax' is not defined                                no-undef
   32:7   warning  'Matrix_Without_String' is defined but never used       no-unused-vars
   52:26  warning  'MathJax' is not defined                                no-undef
   56:10  warning  'get_matrix_html' is defined but never used             no-unused-vars
   87:13  warning  'row_html' is assigned a value but never used           no-unused-vars
   99:10  warning  'get_matrix_html_with_title' is defined but never used  no-unused-vars
  131:13  warning  'row_html' is assigned a value but never used           no-unused-vars
  143:10  warning  'convert_2d_to_1d_vector' is defined but never used     no-unused-vars
  156:10  warning  'convert_1d_to_2d_matrix' is defined but never used     no-unused-vars

/home/runner/work/exp-lift-drag-iitb/exp-lift-drag-iitb/experiment/simulation/common_libraries/js/ts_components/pannel.js
  8:7  warning  'Pannel' is defined but never used  no-unused-vars

/home/runner/work/exp-lift-drag-iitb/exp-lift-drag-iitb/experiment/simulation/common_libraries/js/ts_components/questions.js
   6:17  warning  'op1' is assigned a value but never used      no-unused-vars
   7:17  warning  'op2' is assigned a value but never used      no-unused-vars
   8:17  warning  'op3' is assigned a value but never used      no-unused-vars
   9:17  warning  'op4' is assigned a value but never used      no-unused-vars
  94:7   warning  'Question_Options' is defined but never used  no-unused-vars

/home/runner/work/exp-lift-drag-iitb/exp-lift-drag-iitb/experiment/simulation/common_libraries/js/ts_components/tables.js
   19:22  warning  'verify_values' is not defined                                     no-undef
  137:22  warning  'verify_values' is not defined                                     no-undef
  260:7   warning  'Verify_Rows_Cols_6_decimal_places' is defined but never used      no-unused-vars
  311:22  warning  'verify_values' is not defined                                     no-undef
  416:7   warning  'Verify_Rows_Cols_Custom_Fixed_Update1' is defined but never used  no-unused-vars
  468:7   warning  'Show_Table_Custom_Fixed' is defined but never used                no-unused-vars
  506:7   warning  'Verify_Rows_Cols_Strings' is defined but never used               no-unused-vars
  527:22  warning  'verify_values' is not defined                                     no-undef
  663:7   warning  'Display_Table' is defined but never used                          no-unused-vars

/home/runner/work/exp-lift-drag-iitb/exp-lift-drag-iitb/experiment/simulation/common_libraries/js/ts_math_library/general_math_functions.js
    1:10  warning  'verify_values' is defined but never used                   no-unused-vars
   17:10  warning  'random1' is defined but never used                         no-unused-vars
   21:10  warning  'std_deviation' is defined but never used                   no-unused-vars
   26:10  warning  'gauss' is defined but never used                           no-unused-vars
   56:10  warning  'hide_panel' is defined but never used                      no-unused-vars
   63:10  warning  'inverse_matrix' is defined but never used                  no-unused-vars
   96:10  warning  'matrix_multiplication' is defined but never used           no-unused-vars
  113:10  warning  'transpose_matrix' is defined but never used                no-unused-vars
  123:10  warning  'matrix_multiplication_8decimal' is defined but never used  no-unused-vars
  140:10  warning  'adjoint_2x2_matrix' is defined but never used              no-unused-vars
  145:10  warning  'find_deteminant' is defined but never used                 no-unused-vars
  174:10  warning  'get_Submatrix' is defined but never used                   no-unused-vars

/home/runner/work/exp-lift-drag-iitb/exp-lift-drag-iitb/experiment/simulation/common_libraries/js/ts_math_library/regression.js
   1:10  warning  'regression_linear' is defined but never used            no-unused-vars
  18:10  warning  'regression_linear_1variable' is defined but never used  no-unused-vars
  27:10  warning  'regression_linear_2variable' is defined but never used  no-unused-vars
  52:11  warning  'gauss' is not defined                                   no-undef

/home/runner/work/exp-lift-drag-iitb/exp-lift-drag-iitb/experiment/simulation/common_libraries/math.ob.js
  1:745  warning  'b' is already defined  no-redeclare

/home/runner/work/exp-lift-drag-iitb/exp-lift-drag-iitb/experiment/simulation/js/activity1.js
   15:9   warning  'MathJax' is not defined                        no-undef
   19:10  warning  'start_act1' is defined but never used          no-unused-vars
   24:20  warning  'get_collapse_btn_text' is not defined          no-undef
   32:25  warning  'l' is not defined                              no-undef
   32:38  warning  'w' is not defined                              no-undef
   32:52  warning  'U_km_h' is not defined                         no-undef
   32:95  warning  'rho_a1' is not defined                         no-undef
   34:48  warning  'C_D_a1' is not defined                         no-undef
   34:62  warning  'C_L_a1' is not defined                         no-undef
   63:5   warning  'hide_all_steps' is not defined                 no-undef
   65:9   warning  'MathJax' is not defined                        no-undef
   68:9   warning  'show_step' is not defined                      no-undef
   73:5   warning  'l' is not defined                              no-undef
   73:20  warning  'random' is not defined                         no-undef
   74:5   warning  'w' is not defined                              no-undef
   74:20  warning  'random' is not defined                         no-undef
   75:5   warning  'U_km_h' is not defined                         no-undef
   75:14  warning  'random1' is not defined                        no-undef
   76:5   warning  'U_m_s' is not defined                          no-undef
   76:26  warning  'U_km_h' is not defined                         no-undef
   77:5   warning  'A_a1' is not defined                           no-undef
   77:12  warning  'l' is not defined                              no-undef
   77:16  warning  'w' is not defined                              no-undef
   78:5   warning  'F_L_a1' is not defined                         no-undef
   78:15  warning  'C_L_a1' is not defined                         no-undef
   78:24  warning  'A_a1' is not defined                           no-undef
   78:31  warning  'rho_a1' is not defined                         no-undef
   78:49  warning  'U_m_s' is not defined                          no-undef
   79:5   warning  'F_D_a1' is not defined                         no-undef
   79:15  warning  'C_D_a1' is not defined                         no-undef
   79:24  warning  'A_a1' is not defined                           no-undef
   79:31  warning  'rho_a1' is not defined                         no-undef
   79:49  warning  'U_m_s' is not defined                          no-undef
   80:5   warning  'F_R_a1' is not defined                         no-undef
   80:33  warning  'F_D_a1' is not defined                         no-undef
   80:55  warning  'F_L_a1' is not defined                         no-undef
   81:5   warning  'dir' is not defined                            no-undef
   81:22  warning  'F_L_a1' is not defined                         no-undef
   81:30  warning  'F_D_a1' is not defined                         no-undef
   82:5   warning  'P_a1' is not defined                           no-undef
   82:12  warning  'F_D_a1' is not defined                         no-undef
   82:21  warning  'U_m_s' is not defined                          no-undef
   83:22  warning  'l' is not defined                              no-undef
   84:22  warning  'w' is not defined                              no-undef
   85:22  warning  'U_km_h' is not defined                         no-undef
   85:30  warning  'U_m_s' is not defined                          no-undef
   86:25  warning  'A_a1' is not defined                           no-undef
   87:27  warning  'F_L_a1' is not defined                         no-undef
   88:27  warning  'F_D_a1' is not defined                         no-undef
   89:27  warning  'F_R_a1' is not defined                         no-undef
   90:24  warning  'dir' is not defined                            no-undef
   91:25  warning  'P_a1' is not defined                           no-undef
   93:10  warning  'a1_verify_A' is defined but never used         no-unused-vars
   95:17  warning  'A_a1' is not defined                           no-undef
   96:10  warning  'verify_values' is not defined                  no-undef
   96:47  warning  'A_a1' is not defined                           no-undef
  110:38  warning  'A_a1' is not defined                           no-undef
  121:28  warning  Unnecessary escape character: \×                no-useless-escape
  121:38  warning  Unnecessary escape character: \ρ                no-useless-escape
  133:9   warning  'MathJax' is not defined                        no-undef
  136:10  warning  'a1_verify_F_L' is defined but never used       no-unused-vars
  138:17  warning  'F_L_a1' is not defined                         no-undef
  139:10  warning  'verify_values' is not defined                  no-undef
  139:47  warning  'F_L_a1' is not defined                         no-undef
  153:22  warning  Unnecessary escape character: \×                no-useless-escape
  153:32  warning  Unnecessary escape character: \ρ                no-useless-escape
  153:57  warning  'F_L_a1' is not defined                         no-undef
  164:28  warning  Unnecessary escape character: \×                no-useless-escape
  164:38  warning  Unnecessary escape character: \ρ                no-useless-escape
  175:9   warning  'MathJax' is not defined                        no-undef
  178:10  warning  'a1_verify_F_D' is defined but never used       no-unused-vars
  180:17  warning  'F_D_a1' is not defined                         no-undef
  181:10  warning  'verify_values' is not defined                  no-undef
  181:47  warning  'F_D_a1' is not defined                         no-undef
  195:22  warning  Unnecessary escape character: \×                no-useless-escape
  195:32  warning  Unnecessary escape character: \ρ                no-useless-escape
  195:57  warning  'F_D_a1' is not defined                         no-undef
  217:9   warning  'MathJax' is not defined                        no-undef
  220:10  warning  'a1_verify_F_R' is defined but never used       no-unused-vars
  222:17  warning  'F_R_a1' is not defined                         no-undef
  223:10  warning  'verify_values' is not defined                  no-undef
  223:47  warning  'F_R_a1' is not defined                         no-undef
  237:56  warning  'F_R_a1' is not defined                         no-undef
  248:18  warning  Unnecessary escape character: \θ                no-useless-escape
  259:9   warning  'MathJax' is not defined                        no-undef
  262:10  warning  'a1_verify_dir' is defined but never used       no-unused-vars
  264:17  warning  'dir' is not defined                            no-undef
  265:10  warning  'verify_values' is not defined                  no-undef
  265:47  warning  'dir' is not defined                            no-undef
  279:12  warning  Unnecessary escape character: \θ                no-useless-escape
  279:73  warning  'dir' is not defined                            no-undef
  279:89  warning  Unnecessary escape character: \°                no-useless-escape
  301:9   warning  'MathJax' is not defined                        no-undef
  304:10  warning  'a1_verify_P' is defined but never used         no-unused-vars
  306:17  warning  'P_a1' is not defined                           no-undef
  307:10  warning  'verify_values' is not defined                  no-undef
  307:47  warning  'P_a1' is not defined                           no-undef
  321:41  warning  'P_a1' is not defined                           no-undef
  331:9   warning  'MathJax' is not defined                        no-undef
  334:10  warning  'activity_completed' is defined but never used  no-unused-vars

/home/runner/work/exp-lift-drag-iitb/exp-lift-drag-iitb/experiment/simulation/js/activity2.js
    2:10   warning  'activity2' is defined but never used      no-unused-vars
    5:20   warning  'get_collapse_btn_text' is not defined     no-undef
   16:27   warning  'wt' is not defined                        no-undef
   17:64   warning  'u' is not defined                         no-undef
   18:69   warning  'C_D_a2' is not defined                    no-undef
   18:106  warning  'rho_a2' is not defined                    no-undef
   29:47   warning  Unnecessary escape character: \×           no-useless-escape
   39:5    warning  'maindiv' is not defined                   no-undef
   40:5    warning  'hide_all_steps' is not defined            no-undef
   42:9    warning  'MathJax' is not defined                   no-undef
   45:9    warning  'show_step' is not defined                 no-undef
   50:5    warning  'wt' is not defined                        no-undef
   50:10   warning  'random1' is not defined                   no-undef
   51:5    warning  'u' is not defined                         no-undef
   51:9    warning  'random1' is not defined                   no-undef
   52:5    warning  'F_D_a2' is not defined                    no-undef
   52:14   warning  'wt' is not defined                        no-undef
   53:5    warning  'A_a2' is not defined                      no-undef
   53:13   warning  'F_D_a2' is not defined                    no-undef
   53:28   warning  'C_D_a2' is not defined                    no-undef
   53:37   warning  'rho_a2' is not defined                    no-undef
   53:55   warning  'u' is not defined                         no-undef
   54:5    warning  'D' is not defined                         no-undef
   54:24   warning  'A_a2' is not defined                      no-undef
   55:23   warning  'wt' is not defined                        no-undef
   56:22   warning  'u' is not defined                         no-undef
   57:27   warning  'F_D_a2' is not defined                    no-undef
   58:25   warning  'A_a2' is not defined                      no-undef
   59:22   warning  'D' is not defined                         no-undef
   61:10   warning  'a2_verify_F_D' is defined but never used  no-unused-vars
   63:17   warning  'F_D_a2' is not defined                    no-undef
   64:10   warning  'verify_values' is not defined             no-undef
   64:47   warning  'F_D_a2' is not defined                    no-undef
   78:40   warning  Unnecessary escape character: \×           no-useless-escape
   78:61   warning  'F_D_a2' is not defined                    no-undef
   85:24   warning  Unnecessary escape character: \×           no-useless-escape
   85:34   warning  Unnecessary escape character: \ρ           no-useless-escape
   91:39   warning  Unnecessary escape character: \×           no-useless-escape
   91:59   warning  Unnecessary escape character: \×           no-useless-escape
  103:9    warning  'MathJax' is not defined                   no-undef
  106:10   warning  'a2_verify_A' is defined but never used    no-unused-vars
  108:17   warning  'A_a2' is not defined                      no-undef
  109:10   warning  'verify_values' is not defined             no-undef
  109:47   warning  'A_a2' is not defined                      no-undef
  123:33   warning  Unnecessary escape character: \×           no-useless-escape
  123:53   warning  Unnecessary escape character: \×           no-useless-escape
  123:87   warning  'A_a2' is not defined                      no-undef
  130:24   warning  Unnecessary escape character: \π           no-useless-escape
  148:9    warning  'MathJax' is not defined                   no-undef
  151:10   warning  'a2_verify_D' is defined but never used    no-unused-vars
  153:17   warning  'D' is not defined                         no-undef
  154:10   warning  'verify_values' is not defined             no-undef
  154:47   warning  'D' is not defined                         no-undef
  168:57   warning  'D' is not defined                         no-undef
  178:9    warning  'MathJax' is not defined                   no-undef

/home/runner/work/exp-lift-drag-iitb/exp-lift-drag-iitb/experiment/simulation/js/data.js
   2:5  warning  'l' is assigned a value but never used       no-unused-vars
   3:5  warning  'w' is assigned a value but never used       no-unused-vars
   4:5  warning  'U_km_h' is assigned a value but never used  no-unused-vars
   5:5  warning  'U_m_s' is assigned a value but never used   no-unused-vars
   6:5  warning  'C_D_a1' is assigned a value but never used  no-unused-vars
   7:5  warning  'C_L_a1' is assigned a value but never used  no-unused-vars
   8:5  warning  'rho_a1' is assigned a value but never used  no-unused-vars
   9:5  warning  'A_a1' is defined but never used             no-unused-vars
  10:5  warning  'F_L_a1' is defined but never used           no-unused-vars
  11:5  warning  'F_D_a1' is defined but never used           no-unused-vars
  12:5  warning  'F_R_a1' is defined but never used           no-unused-vars
  13:5  warning  'dir' is defined but never used              no-unused-vars
  14:5  warning  'P_a1' is defined but never used             no-unused-vars
  16:5  warning  'wt' is assigned a value but never used      no-unused-vars
  17:5  warning  'u' is assigned a value but never used       no-unused-vars
  18:5  warning  'C_D_a2' is assigned a value but never used  no-unused-vars
  19:5  warning  'rho_a2' is assigned a value but never used  no-unused-vars
  20:5  warning  'F_D_a2' is defined but never used           no-unused-vars
  21:5  warning  'A_a2' is defined but never used             no-unused-vars
  22:5  warning  'D' is defined but never used                no-unused-vars

/home/runner/work/exp-lift-drag-iitb/exp-lift-drag-iitb/experiment/simulation/js/screen_size.js
  1:10  warning  'set_screen_size' is defined but never used  no-unused-vars

✖ 227 problems (0 errors, 227 warnings)

